DEBUG:root:



INFO:Worker:13422:Requesting connection to main node.
INFO:Worker:13422:Established connection to main node.
INFO:Worker:13422:Waiting for task
INFO:Worker:13422:836=(100, 100)x(100, 100)
DEBUG:Worker:13422:frame received
INFO:Worker:13422:[[   0    1    2 ...   97   98   99]
 [ 100  101  102 ...  197  198  199]
 [ 200  201  202 ...  297  298  299]
 ...
 [9700 9701 9702 ... 9797 9798 9799]
 [9800 9801 9802 ... 9897 9898 9899]
 [9900 9901 9902 ... 9997 9998 9999]]
DEBUG:Worker:13422:frame received
INFO:Worker:13422:[[   0    1    2 ...   97   98   99]
 [ 100  101  102 ...  197  198  199]
 [ 200  201  202 ...  297  298  299]
 ...
 [9700 9701 9702 ... 9797 9798 9799]
 [9800 9801 9802 ... 9897 9898 9899]
 [9900 9901 9902 ... 9997 9998 9999]]
INFO:Worker:13422:[[  32835000   32839950   32844900 ...   33315150   33320100   33325050]
 [  82335000   82349950   82364900 ...   83785150   83800100   83815050]
 [ 131835000  131859950  131884900 ...  134255150  134280100  134305050]
 ...
 [4834335000 4835309950 4836284900 ... 4928905150 4929880100 4930855050]
 [4883835000 4884819950 4885804900 ... 4979375150 4980360100 4981345050]
 [4933335000 4934329950 4935324900 ... 5029845150 5030840100 5031835050]]
DEBUG:Worker:13422:frame sent
INFO:Worker:13422:Waiting for task
